[0m[0m[1m[32m    Fetching[0m advisory database from `https://github.com/RustSec/advisory-db.git`
[0m[0m[1m[32m      Loaded[0m 881 security advisories (from /home/noah/.cargo/advisory-db)
[0m[0m[1m[32m    Updating[0m crates.io index
[0m[0m[1m[32m    Scanning[0m Cargo.lock for vulnerabilities (574 crate dependencies)
[0m[0m[1m[33mCrate:    [0m number_prefix
[0m[0m[1m[33mVersion:  [0m 0.4.0
[0m[0m[1m[33mWarning:  [0m unmaintained
[0m[0m[1m[33mTitle:    [0m number_prefix crate is unmaintained
[0m[0m[1m[33mDate:     [0m 2025-11-17
[0m[0m[1m[33mID:       [0m RUSTSEC-2025-0119
[0m[0m[1m[33mURL:      [0m https://rustsec.org/advisories/RUSTSEC-2025-0119
[0m[0m[1m[33mDependency tree:
[0mnumber_prefix 0.4.0
└── indicatif 0.17.11
    └── hf-hub 0.4.3
        └── entrenar 0.2.2
            ├── entrenar-shell 0.1.0
            ├── entrenar-lora 0.1.0
            ├── entrenar-inspect 0.1.0
            ├── entrenar-distill 0.1.0
            └── entrenar-bench 0.1.0

[0m[0m[1m[33mCrate:    [0m paste
[0m[0m[1m[33mVersion:  [0m 1.0.15
[0m[0m[1m[33mWarning:  [0m unmaintained
[0m[0m[1m[33mTitle:    [0m paste - no longer maintained
[0m[0m[1m[33mDate:     [0m 2024-10-07
[0m[0m[1m[33mID:       [0m RUSTSEC-2024-0436
[0m[0m[1m[33mURL:      [0m https://rustsec.org/advisories/RUSTSEC-2024-0436
[0m[0m[1m[33mDependency tree:
[0mpaste 1.0.15
├── simba 0.9.1
│   └── nalgebra 0.33.2
│       ├── aprender 0.13.0
│       │   └── renacer 0.6.6
│       │       └── entrenar 0.2.2
│       │           ├── entrenar-shell 0.1.0
│       │           ├── entrenar-lora 0.1.0
│       │           ├── entrenar-inspect 0.1.0
│       │           ├── entrenar-distill 0.1.0
│       │           └── entrenar-bench 0.1.0
│       ├── aprender 0.12.0
│       │   └── entrenar 0.2.2
│       └── aprender 0.7.1
│           └── trueno-graph 0.1.1
│               └── renacer 0.6.6
├── rmp 0.8.14
│   └── rmp-serde 1.3.0
│       ├── renacer 0.6.6
│       ├── aprender 0.13.0
│       ├── aprender 0.12.0
│       └── alimentar 0.2.1
│           └── entrenar 0.2.2
├── parquet 54.3.1
│   ├── trueno-db 0.3.3
│   │   ├── trueno-rag 0.1.0
│   │   │   └── entrenar 0.2.2
│   │   └── entrenar 0.2.2
│   └── alimentar 0.2.1
├── parquet 53.4.0
│   ├── trueno-graph 0.1.1
│   └── trueno-db 0.3.3
│       ├── trueno-graph 0.1.1
│       └── renacer 0.6.6
└── metal 0.32.0
    └── wgpu-hal 27.0.4
        ├── wgpu-core-deps-windows-linux-android 27.0.0
        │   └── wgpu-core 27.0.3
        │       └── wgpu 27.0.1
        │           └── trueno 0.7.3
        │               ├── trueno-viz 0.1.1
        │               │   ├── entrenar-common 0.1.0
        │               │   │   ├── entrenar-shell 0.1.0
        │               │   │   ├── entrenar-lora 0.1.0
        │               │   │   ├── entrenar-inspect 0.1.0
        │               │   │   ├── entrenar-distill 0.1.0
        │               │   │   └── entrenar-bench 0.1.0
        │               │   └── entrenar 0.2.2
        │               ├── trueno-rag 0.1.0
        │               ├── trueno-graph 0.1.1
        │               ├── trueno-db 0.3.3
        │               ├── trueno-db 0.3.3
        │               ├── renacer 0.6.6
        │               ├── entrenar 0.2.2
        │               ├── aprender 0.13.0
        │               ├── aprender 0.12.0
        │               └── aprender 0.7.1
        ├── wgpu-core-deps-emscripten 27.0.0
        │   └── wgpu-core 27.0.3
        ├── wgpu-core-deps-apple 27.0.0
        │   └── wgpu-core 27.0.3
        ├── wgpu-core 27.0.3
        └── wgpu 27.0.1

[0m[0m[1m[33mwarning:[0m 2 allowed warnings found
